<?xml version="1.0" encoding="UTF-8"?>
<!-- Generated by org.testng.reporters.JUnitXMLReporter -->
<testsuite hostname="DLLA0003" name="Command line test" tests="8" failures="0" timestamp="7 Aug 2018 12:44:21 GMT" time="25.869" errors="0">
  <testcase name="verify_User_Is_On_Tatoc_Homepage" time="2.25" classname="QAIT.TatocProject.Tatoc_Basic_Course"/>
  <testcase name="click_On_Basic_Course_Link" time="2.411" classname="QAIT.TatocProject.Tatoc_Basic_Course"/>
  <testcase name="click_On_Green_Box_On_Grid_Gate" time="2.417" classname="QAIT.TatocProject.Tatoc_Basic_Course"/>
  <testcase name="verify_Color_Of_Boxes_Match" time="3.548" classname="QAIT.TatocProject.Tatoc_Basic_Course"/>
  <testcase name="Drag_And_Drop_Button" time="0.348" classname="QAIT.TatocProject.Tatoc_Basic_Course"/>
  <testcase name="Launch_Popup_And_Submit_Form" time="1.824" classname="QAIT.TatocProject.Tatoc_Basic_Course"/>
  <testcase name="Generate_Token_And_Cookie" time="0.27" classname="QAIT.TatocProject.Tatoc_Basic_Course"/>
  <testcase name="Verify_End_Page_And_Complete_Basic_Course" time="0.074" classname="QAIT.TatocProject.Tatoc_Basic_Course"/>
</testsuite> <!-- Command line test -->
