<?xml version="1.0" encoding="UTF-8"?>
<!-- Generated by org.testng.reporters.JUnitXMLReporter -->
<testsuite hostname="DLLA0003" name="Command line test" tests="8" failures="0" timestamp="1 Aug 2018 12:27:51 GMT" time="31.124" errors="0">
  <testcase name="verify_User_Is_On_Tatoc_Homepage" time="5.647" classname="QAIT.TatocProject.Tatoc_Basic_Course"/>
  <testcase name="click_On_Basic_Course_Link" time="2.307" classname="QAIT.TatocProject.Tatoc_Basic_Course"/>
  <testcase name="click_On_Green_Box_On_Grid_Gate" time="3.281" classname="QAIT.TatocProject.Tatoc_Basic_Course"/>
  <testcase name="verify_Color_Of_Boxes_Match" time="2.957" classname="QAIT.TatocProject.Tatoc_Basic_Course"/>
  <testcase name="Drag_And_Drop_Button" time="1.159" classname="QAIT.TatocProject.Tatoc_Basic_Course"/>
  <testcase name="Launch_Popup_And_Submit_Form" time="3.251" classname="QAIT.TatocProject.Tatoc_Basic_Course"/>
  <testcase name="Generate_Token_And_Cookie" time="0.37" classname="QAIT.TatocProject.Tatoc_Basic_Course"/>
  <testcase name="Verify_End_Page_And_Complete_Basic_Course" time="0.075" classname="QAIT.TatocProject.Tatoc_Basic_Course"/>
</testsuite> <!-- Command line test -->
