<?xml version="1.0" encoding="UTF-8"?>
<testng-results skipped="0" failed="0" total="8" passed="8">
  <reporter-output>
  </reporter-output>
  <suite name="QAIT.TatocProject.Tatoc_Basic_Course" duration-ms="25869" started-at="2018-08-07T12:43:55Z" finished-at="2018-08-07T12:44:21Z">
    <groups>
    </groups>
    <test name="Command line test" duration-ms="25869" started-at="2018-08-07T12:43:55Z" finished-at="2018-08-07T12:44:21Z">
      <class name="QAIT.TatocProject.Tatoc_Basic_Course">
        <test-method status="PASS" signature="initiateBrowser()[pri:0, instance:QAIT.TatocProject.Tatoc_Basic_Course@35f983a6]" name="initiateBrowser" is-config="true" duration-ms="12021" started-at="2018-08-07T18:13:55Z" finished-at="2018-08-07T18:14:07Z">
          <reporter-output>
          </reporter-output>
        </test-method> <!-- initiateBrowser -->
        <test-method status="PASS" signature="verify_User_Is_On_Tatoc_Homepage()[pri:0, instance:QAIT.TatocProject.Tatoc_Basic_Course@35f983a6]" name="verify_User_Is_On_Tatoc_Homepage" duration-ms="2250" started-at="2018-08-07T18:14:07Z" finished-at="2018-08-07T18:14:09Z">
          <reporter-output>
          </reporter-output>
        </test-method> <!-- verify_User_Is_On_Tatoc_Homepage -->
        <test-method status="PASS" signature="click_On_Basic_Course_Link()[pri:0, instance:QAIT.TatocProject.Tatoc_Basic_Course@35f983a6]" name="click_On_Basic_Course_Link" duration-ms="2411" started-at="2018-08-07T18:14:09Z" finished-at="2018-08-07T18:14:12Z">
          <reporter-output>
          </reporter-output>
        </test-method> <!-- click_On_Basic_Course_Link -->
        <test-method status="PASS" signature="click_On_Green_Box_On_Grid_Gate()[pri:0, instance:QAIT.TatocProject.Tatoc_Basic_Course@35f983a6]" name="click_On_Green_Box_On_Grid_Gate" duration-ms="2417" started-at="2018-08-07T18:14:12Z" finished-at="2018-08-07T18:14:14Z">
          <reporter-output>
          </reporter-output>
        </test-method> <!-- click_On_Green_Box_On_Grid_Gate -->
        <test-method status="PASS" signature="verify_Color_Of_Boxes_Match()[pri:0, instance:QAIT.TatocProject.Tatoc_Basic_Course@35f983a6]" name="verify_Color_Of_Boxes_Match" duration-ms="3548" started-at="2018-08-07T18:14:14Z" finished-at="2018-08-07T18:14:18Z">
          <reporter-output>
          </reporter-output>
        </test-method> <!-- verify_Color_Of_Boxes_Match -->
        <test-method status="PASS" signature="Drag_And_Drop_Button()[pri:0, instance:QAIT.TatocProject.Tatoc_Basic_Course@35f983a6]" name="Drag_And_Drop_Button" duration-ms="348" started-at="2018-08-07T18:14:18Z" finished-at="2018-08-07T18:14:18Z">
          <reporter-output>
          </reporter-output>
        </test-method> <!-- Drag_And_Drop_Button -->
        <test-method status="PASS" signature="Launch_Popup_And_Submit_Form()[pri:0, instance:QAIT.TatocProject.Tatoc_Basic_Course@35f983a6]" name="Launch_Popup_And_Submit_Form" duration-ms="1824" started-at="2018-08-07T18:14:18Z" finished-at="2018-08-07T18:14:20Z">
          <reporter-output>
          </reporter-output>
        </test-method> <!-- Launch_Popup_And_Submit_Form -->
        <test-method status="PASS" signature="Generate_Token_And_Cookie()[pri:0, instance:QAIT.TatocProject.Tatoc_Basic_Course@35f983a6]" name="Generate_Token_And_Cookie" duration-ms="270" started-at="2018-08-07T18:14:20Z" finished-at="2018-08-07T18:14:20Z">
          <reporter-output>
          </reporter-output>
        </test-method> <!-- Generate_Token_And_Cookie -->
        <test-method status="PASS" signature="Verify_End_Page_And_Complete_Basic_Course()[pri:0, instance:QAIT.TatocProject.Tatoc_Basic_Course@35f983a6]" name="Verify_End_Page_And_Complete_Basic_Course" duration-ms="74" started-at="2018-08-07T18:14:20Z" finished-at="2018-08-07T18:14:20Z">
          <reporter-output>
          </reporter-output>
        </test-method> <!-- Verify_End_Page_And_Complete_Basic_Course -->
        <test-method status="PASS" signature="close_Browser()[pri:0, instance:QAIT.TatocProject.Tatoc_Basic_Course@35f983a6]" name="close_Browser" is-config="true" duration-ms="688" started-at="2018-08-07T18:14:20Z" finished-at="2018-08-07T18:14:21Z">
          <reporter-output>
          </reporter-output>
        </test-method> <!-- close_Browser -->
      </class> <!-- QAIT.TatocProject.Tatoc_Basic_Course -->
    </test> <!-- Command line test -->
  </suite> <!-- QAIT.TatocProject.Tatoc_Basic_Course -->
</testng-results>
